<?xml version="1.0" encoding="UTF-8"?>
<!-- Generated by org.testng.reporters.JUnitXMLReporter -->
<testsuite hostname="DESKTOP-ADC5SDR" ignored="1" name="Default test" tests="1" failures="0" timestamp="07 Jun 2019 15:02:28 GMT" time="60.014" errors="0">
  <testcase name="newProductPage002" time="22.361" classname="com.TestCase.Redmi.Products"/>
  <testcase name="navigateToProduct001" time="0.0" classname="com.TestCase.Redmi.Products">
    <ignored/>
  </testcase> <!-- navigateToProduct001 -->
</testsuite> <!-- Default test -->
