<?xml version="1.0" encoding="UTF-8"?>
<!-- Generated by org.testng.reporters.JUnitXMLReporter -->
<testsuite hostname="DESKTOP-ADC5SDR" ignored="3" tests="0" failures="0" timestamp="23 Jun 2019 10:20:51 GMT" time="0.032" errors="0">
  <testcase name="getInterviewQucationTest" time="0.0" classname="com.TestCase.Redmi.Products">
    <ignored/>
  </testcase> <!-- getInterviewQucationTest -->
  <testcase name="navigateToProduct001Test" time="0.0" classname="com.TestCase.Redmi.Products">
    <ignored/>
  </testcase> <!-- navigateToProduct001Test -->
  <testcase name="newProductPage002Test" time="0.0" classname="com.TestCase.Redmi.Products">
    <ignored/>
  </testcase> <!-- newProductPage002Test -->
</testsuite>
