<?xml version="1.0" encoding="UTF-8"?>
<testng-results skipped="0" failed="0" ignored="1" total="2" passed="1">
  <reporter-output>
    <line>
      <![CDATA[Navigate to Proudct modulder]]>
    </line>
    <line>
      <![CDATA[Navigate to New products Symoble ]]>
    </line>
    <line>
      <![CDATA[Nagivate to CreatingNewProudct Page]]>
    </line>
  </reporter-output>
  <suite name="Default suite" duration-ms="200228" started-at="2019-06-07T09:00:54Z" finished-at="2019-06-07T09:04:14Z">
    <groups>
    </groups>
    <test name="Default test" duration-ms="200228" started-at="2019-06-07T09:00:54Z" finished-at="2019-06-07T09:04:14Z">
      <class name="com.TestCase.Redmi.Products">
        <test-method status="PASS" signature="globalBrowserStart()[pri:0, instance:com.TestCase.Redmi.Products@548e7350]" name="globalBrowserStart" is-config="true" duration-ms="27467" started-at="2019-06-07T09:00:54Z" finished-at="2019-06-07T09:01:21Z">
          <reporter-output>
          </reporter-output>
        </test-method> <!-- globalBrowserStart -->
        <test-method status="PASS" signature="prefix()[pri:0, instance:com.TestCase.Redmi.Products@548e7350]" name="prefix" is-config="true" duration-ms="36815" started-at="2019-06-07T09:01:21Z" finished-at="2019-06-07T09:01:58Z">
          <reporter-output>
          </reporter-output>
        </test-method> <!-- prefix -->
        <test-method status="PASS" signature="newProductPage002()[pri:0, instance:com.TestCase.Redmi.Products@548e7350]" name="newProductPage002" duration-ms="117179" started-at="2019-06-07T09:01:58Z" finished-at="2019-06-07T09:03:55Z">
          <reporter-output>
            <line>
              <![CDATA[Navigate to Proudct modulder]]>
            </line>
            <line>
              <![CDATA[Navigate to New products Symoble ]]>
            </line>
            <line>
              <![CDATA[Nagivate to CreatingNewProudct Page]]>
            </line>
          </reporter-output>
        </test-method> <!-- newProductPage002 -->
        <test-method status="PASS" signature="postFix()[pri:0, instance:com.TestCase.Redmi.Products@548e7350]" name="postFix" is-config="true" duration-ms="16572" started-at="2019-06-07T09:03:55Z" finished-at="2019-06-07T09:04:12Z">
          <reporter-output>
          </reporter-output>
        </test-method> <!-- postFix -->
        <test-method status="PASS" signature="globalBrowserClose()[pri:0, instance:com.TestCase.Redmi.Products@548e7350]" name="globalBrowserClose" is-config="true" duration-ms="1967" started-at="2019-06-07T09:04:12Z" finished-at="2019-06-07T09:04:14Z">
          <reporter-output>
          </reporter-output>
        </test-method> <!-- globalBrowserClose -->
      </class> <!-- com.TestCase.Redmi.Products -->
    </test> <!-- Default test -->
  </suite> <!-- Default suite -->
</testng-results>
